<?xml version="1.0" encoding="UTF-8"?>
<!-- Generated by org.testng.reporters.JUnitXMLReporter -->
<testsuite ignored="0" hostname="DESKTOP-7L9OO8P" failures="0" tests="1" name="Test-Runner-Chrome" time="34.284" errors="0" timestamp="2024-01-14T16:01:26 IST">
  <testcase classname="contactsTests.CreateNewContactTest" name="createContactWithMandatoryFeilds" time="15.877"/>
</testsuite> <!-- Test-Runner-Chrome -->
