<?xml version="1.0" encoding="UTF-8"?>
<!-- Generated by org.testng.reporters.JUnitXMLReporter -->
<testsuite ignored="0" hostname="DESKTOP-7L9OO8P" failures="0" tests="1" name="Test-Runner-2" time="60.048" errors="0" timestamp="2024-01-14T15:18:47 IST">
  <testcase classname="contactsTests.CreateContactWithLeadsourceTest" name="createContactWithLeadSource" time="19.786"/>
</testsuite> <!-- Test-Runner-2 -->
