<?xml version="1.0" encoding="UTF-8"?>
<!-- Generated by org.testng.reporters.JUnitReportReporter -->
<testsuite hostname="DESKTOP-7L9OO8P" failures="0" tests="4" name="practice.TestNGPractice" time="0.068" errors="0" timestamp="2024-01-11T12:56:24 IST" skipped="1">
  <testcase classname="practice.TestNGPractice" name="modifyCustomer" time="0.007"/>
  <system-out/>
  <testcase classname="practice.TestNGPractice" name="modifyCustomer" time="0.054"/>
  <system-out/>
  <testcase classname="practice.TestNGPractice" name="deletCustomer" time="0.007"/>
  <system-out/>
  <testcase classname="practice.TestNGPractice" name="createCustomer">
    <skipped/>
  </testcase> <!-- createCustomer -->
  <system-out/>
</testsuite> <!-- practice.TestNGPractice -->
