<?xml version="1.0" encoding="UTF-8"?>
<!-- Generated by org.testng.reporters.JUnitReportReporter -->
<testsuite hostname="DESKTOP-7L9OO8P" failures="0" tests="1" name="contactsTests.CreateContactWithLeadsourceTest" time="38.080" errors="0" timestamp="2024-01-14T15:18:47 IST" skipped="0">
  <testcase classname="contactsTests.CreateContactWithLeadsourceTest" name="createContactWithLeadSource" time="38.080"/>
</testsuite> <!-- contactsTests.CreateContactWithLeadsourceTest -->
